2018-03-27 14:26:51,790 [Worker-27] INFO  c.g.t.t.d.PublishedGradleVersions - Gradle version information cache file is out-of-date. Remote download required.
2018-04-19 13:29:59,583 [main] INFO  c.g.t.t.d.PublishedGradleVersions - Gradle version information cache file is out-of-date. Remote download required.
2018-04-24 18:54:31,334 [main] INFO  c.g.t.t.d.PublishedGradleVersions - Gradle version information cache file is out-of-date. Remote download required.
2018-05-28 13:41:00,966 [main] INFO  c.g.t.t.d.PublishedGradleVersions - Gradle version information cache file is out-of-date. Remote download required.
2018-07-10 10:12:52,830 [main] INFO  c.g.t.t.d.PublishedGradleVersions - Gradle version information cache file is out-of-date. Remote download required.
2018-07-11 10:23:35,178 [main] INFO  c.g.t.t.d.PublishedGradleVersions - Gradle version information cache file is out-of-date. Remote download required.
2018-07-11 10:45:22,961 [Start Help Server] INFO  org.eclipse.jetty.util.log - Logging initialized @25741ms
2018-07-11 10:45:23,057 [Start Help Server] INFO  org.eclipse.jetty.server.Server - jetty-9.2.13.v20150730
2018-07-11 10:45:23,113 [Start Help Server] INFO  o.e.j.server.handler.ContextHandler - Started o.e.j.s.ServletContextHandler@71beb{/help,null,AVAILABLE}
2018-07-11 10:45:23,140 [Start Help Server] INFO  o.e.jetty.server.ServerConnector - Started ServerConnector@1bc5452{HTTP/1.1}{127.0.0.1:50395}
2018-07-11 10:45:23,141 [Start Help Server] INFO  org.eclipse.jetty.server.Server - Started @25925ms
2018-07-11 10:47:13,196 [main] INFO  c.g.t.t.d.PublishedGradleVersions - Gradle version information cache file is not out-of-date. No remote download required.
2018-07-11 10:52:23,912 [Stop Help Server] INFO  o.e.jetty.server.ServerConnector - Stopped ServerConnector@1bc5452{HTTP/1.1}{127.0.0.1:0}
2018-07-11 10:52:23,948 [Stop Help Server] INFO  o.e.j.server.handler.ContextHandler - Stopped o.e.j.s.ServletContextHandler@71beb{/help,null,UNAVAILABLE}
2018-07-11 11:21:59,616 [main] INFO  c.g.t.t.d.PublishedGradleVersions - Gradle version information cache file is not out-of-date. No remote download required.
2018-07-11 11:57:50,820 [Worker-24] INFO  c.g.t.t.d.PublishedGradleVersions - Gradle version information cache file is not out-of-date. No remote download required.
2018-07-18 11:38:24,487 [Worker-6] INFO  c.g.t.t.d.PublishedGradleVersions - Gradle version information cache file is not out-of-date. No remote download required.
2018-07-18 12:04:24,118 [Worker-6] INFO  c.g.t.t.d.PublishedGradleVersions - Gradle version information cache file is not out-of-date. No remote download required.
2018-08-12 22:53:26,500 [Worker-13] INFO  c.g.t.t.d.PublishedGradleVersions - Gradle version information cache file is out-of-date. Remote download required.
2018-08-12 23:06:25,948 [Worker-14] INFO  c.g.t.t.d.PublishedGradleVersions - Gradle version information cache file is not out-of-date. No remote download required.
